<?xml version="1.0" encoding="UTF-8"?>
<testsuite xmlns:xsi="http://www.w3.org/2001/XMLSchema-instance" xsi:noNamespaceSchemaLocation="https://maven.apache.org/surefire/maven-surefire-plugin/xsd/surefire-test-report.xsd" name="com.pftc.seleniumEasy.Runner" time="52.969" tests="18" errors="2" skipped="3" failures="0">
  <properties>
    <property name="java.runtime.name" value="Java(TM) SE Runtime Environment"/>
    <property name="sun.boot.library.path" value="C:\Program Files\Java\jdk1.8.0_221\jre\bin"/>
    <property name="java.vm.version" value="25.221-b11"/>
    <property name="java.vm.vendor" value="Oracle Corporation"/>
    <property name="maven.multiModuleProjectDirectory" value="C:\Users\raies\Downloads\SeleniumEasyAutomationTest\SeleniumEasyAutomationTest"/>
    <property name="java.vendor.url" value="http://java.oracle.com/"/>
    <property name="path.separator" value=";"/>
    <property name="guice.disable.misplaced.annotation.check" value="true"/>
    <property name="java.vm.name" value="Java HotSpot(TM) 64-Bit Server VM"/>
    <property name="file.encoding.pkg" value="sun.io"/>
    <property name="user.script" value=""/>
    <property name="user.country" value="US"/>
    <property name="sun.java.launcher" value="SUN_STANDARD"/>
    <property name="sun.os.patch.level" value=""/>
    <property name="java.vm.specification.name" value="Java Virtual Machine Specification"/>
    <property name="user.dir" value="C:\Users\raies\Downloads\SeleniumEasyAutomationTest\SeleniumEasyAutomationTest"/>
    <property name="java.runtime.version" value="1.8.0_221-b11"/>
    <property name="java.awt.graphicsenv" value="sun.awt.Win32GraphicsEnvironment"/>
    <property name="java.endorsed.dirs" value="C:\Program Files\Java\jdk1.8.0_221\jre\lib\endorsed"/>
    <property name="os.arch" value="amd64"/>
    <property name="java.io.tmpdir" value="C:\windows\TEMP\"/>
    <property name="line.separator" value="&#10;"/>
    <property name="java.vm.specification.vendor" value="Oracle Corporation"/>
    <property name="user.variant" value=""/>
    <property name="os.name" value="Windows 10"/>
    <property name="classworlds.conf" value="C:\Maven\apache-maven-3.6.2\bin\..\bin\m2.conf"/>
    <property name="sun.jnu.encoding" value="Cp1252"/>
    <property name="java.library.path" value="C:\Program Files\Java\jdk1.8.0_221\bin;C:\windows\Sun\Java\bin;C:\windows\system32;C:\windows;C:\Program Files (x86)\Common Files\Oracle\Java\javapath;C:\windows\system32;C:\windows;C:\windows\System32\Wbem;C:\windows\System32\WindowsPowerShell\v1.0\;C:\windows\System32\OpenSSH\;C:\Program Files\Java\jdk1.8.0_221\bin;C:\Maven\apache-maven-3.6.2\bin;C:\Program Files\Git\cmd;C:\windows\system32\config\systemprofile\AppData\Local\Microsoft\WindowsApps;."/>
    <property name="maven.conf" value="C:\Maven\apache-maven-3.6.2\bin\../conf"/>
    <property name="java.specification.name" value="Java Platform API Specification"/>
    <property name="java.class.version" value="52.0"/>
    <property name="sun.management.compiler" value="HotSpot 64-Bit Tiered Compilers"/>
    <property name="os.version" value="10.0"/>
    <property name="library.jansi.path" value="C:\Maven\apache-maven-3.6.2\bin\..\lib\jansi-native"/>
    <property name="user.home" value="C:\windows\system32\config\systemprofile"/>
    <property name="user.timezone" value="America/New_York"/>
    <property name="java.awt.printerjob" value="sun.awt.windows.WPrinterJob"/>
    <property name="java.specification.version" value="1.8"/>
    <property name="file.encoding" value="Cp1252"/>
    <property name="user.name" value="LAPTOP-UBC39378$"/>
    <property name="java.class.path" value="C:\Maven\apache-maven-3.6.2\bin\..\boot\plexus-classworlds-2.6.0.jar"/>
    <property name="java.vm.specification.version" value="1.8"/>
    <property name="sun.arch.data.model" value="64"/>
    <property name="java.home" value="C:\Program Files\Java\jdk1.8.0_221\jre"/>
    <property name="sun.java.command" value="org.codehaus.plexus.classworlds.launcher.Launcher clean test"/>
    <property name="java.specification.vendor" value="Oracle Corporation"/>
    <property name="user.language" value="en"/>
    <property name="awt.toolkit" value="sun.awt.windows.WToolkit"/>
    <property name="java.vm.info" value="mixed mode"/>
    <property name="java.version" value="1.8.0_221"/>
    <property name="java.ext.dirs" value="C:\Program Files\Java\jdk1.8.0_221\jre\lib\ext;C:\windows\Sun\Java\lib\ext"/>
    <property name="sun.boot.class.path" value="C:\Program Files\Java\jdk1.8.0_221\jre\lib\resources.jar;C:\Program Files\Java\jdk1.8.0_221\jre\lib\rt.jar;C:\Program Files\Java\jdk1.8.0_221\jre\lib\sunrsasign.jar;C:\Program Files\Java\jdk1.8.0_221\jre\lib\jsse.jar;C:\Program Files\Java\jdk1.8.0_221\jre\lib\jce.jar;C:\Program Files\Java\jdk1.8.0_221\jre\lib\charsets.jar;C:\Program Files\Java\jdk1.8.0_221\jre\lib\jfr.jar;C:\Program Files\Java\jdk1.8.0_221\jre\classes"/>
    <property name="java.vendor" value="Oracle Corporation"/>
    <property name="maven.home" value="C:\Maven\apache-maven-3.6.2\bin\.."/>
    <property name="file.separator" value="\"/>
    <property name="java.vendor.url.bug" value="http://bugreport.sun.com/bugreport/"/>
    <property name="sun.cpu.endian" value="little"/>
    <property name="sun.io.unicode.encoding" value="UnicodeLittle"/>
    <property name="sun.desktop" value="windows"/>
    <property name="sun.cpu.isalist" value="amd64"/>
  </properties>
  <testcase name="Given User Navigate to SeleniumEasy Test Home Page" classname="Scenario: Verify Single and and Multiple Checkbox Field functionality" time="0.002"/>
  <testcase name="When User Click on Input Forms hyperlink tab" classname="Scenario: Verify Single and and Multiple Checkbox Field functionality" time="0"/>
  <testcase name="Then User Click on Checkbox Demo linkText tab" classname="Scenario: Verify Single and and Multiple Checkbox Field functionality" time="0.005">
    <error type="java.lang.NullPointerException">java.lang.NullPointerException
</error>
  </testcase>
  <testcase name="Scenario: Verify Single and and Multiple Checkbox Field functionality" classname="Scenario: Verify Single and and Multiple Checkbox Field functionality" time="0.005">
    <error type="java.lang.NullPointerException">java.lang.NullPointerException
</error>
  </testcase>
  <testcase name="And User select Single Checkbox Demo radio button" classname="Scenario: Verify Single and and Multiple Checkbox Field functionality" time="0">
    <skipped/>
  </testcase>
  <testcase name="Then User click on the Check All button in Multiple Checkbox Demo section" classname="Scenario: Verify Single and and Multiple Checkbox Field functionality" time="0">
    <skipped/>
  </testcase>
  <testcase name="Then User validate the Check All message changed to Uncheck All button" classname="Scenario: Verify Single and and Multiple Checkbox Field functionality" time="0">
    <skipped/>
  </testcase>
  <testcase name="Given User Navigate to SeleniumEasy Test Home Page" classname="Scenario: Verify Single and Double Input Field Functionalities" time="0.001"/>
  <testcase name="When User Click on Input Forms hyperlink tab" classname="Scenario: Verify Single and Double Input Field Functionalities" time="0"/>
  <testcase name="Then User Click on  Simple form Demo Hyperlink Test" classname="Scenario: Verify Single and Double Input Field Functionalities" time="0"/>
  <testcase name="Then User Enter a message in the Enter message text box" classname="Scenario: Verify Single and Double Input Field Functionalities" time="0"/>
  <testcase name="And User Click on Show Message Button" classname="Scenario: Verify Single and Double Input Field Functionalities" time="0"/>
  <testcase name="Then User Validate the Message is been displayed in the Your Message section" classname="Scenario: Verify Single and Double Input Field Functionalities" time="0"/>
  <testcase name="Then User Enter a integer value in the Enter a text box" classname="Scenario: Verify Single and Double Input Field Functionalities" time="0"/>
  <testcase name="And User Enter 2nd integer value in the Enter b text box" classname="Scenario: Verify Single and Double Input Field Functionalities" time="0"/>
  <testcase name="Then User Click on the Get Total button" classname="Scenario: Verify Single and Double Input Field Functionalities" time="0"/>
  <testcase name="Then User Validate the Total of a and b being displayed correctly" classname="Scenario: Verify Single and Double Input Field Functionalities" time="0"/>
  <testcase name="Scenario: Verify Single and Double Input Field Functionalities" classname="Scenario: Verify Single and Double Input Field Functionalities" time="5.064"/>
</testsuite>